ERROR - 2024-07-06 05:24:55 --> Error connecting to the database: mysqli_sql_exception: Unknown database 'digisoft' in C:\xampp\htdocs\plantilla\system\Database\MySQLi\Connection.php:186
Stack trace:
#0 C:\xampp\htdocs\plantilla\system\Database\MySQLi\Connection.php(186): mysqli->real_connect('localhost', 'root', Object(SensitiveParameterValue), 'digisoft', 3306, '', 0)
#1 C:\xampp\htdocs\plantilla\system\Database\BaseConnection.php(421): CodeIgniter\Database\MySQLi\Connection->connect(false)
#2 C:\xampp\htdocs\plantilla\system\Database\BaseConnection.php(616): CodeIgniter\Database\BaseConnection->initialize()
#3 C:\xampp\htdocs\plantilla\system\Database\BaseBuilder.php(1636): CodeIgniter\Database\BaseConnection->query('SELECT *\nFROM `...', Array, false)
#4 C:\xampp\htdocs\plantilla\app\Models\home_model.php(22): CodeIgniter\Database\BaseBuilder->get()
#5 C:\xampp\htdocs\plantilla\app\Controllers\Home.php(29): App\Models\home_model->obtenerUsuarios()
#6 C:\xampp\htdocs\plantilla\system\CodeIgniter.php(933): App\Controllers\Home->obtenerUsuarios()
#7 C:\xampp\htdocs\plantilla\system\CodeIgniter.php(509): CodeIgniter\CodeIgniter->runController(Object(App\Controllers\Home))
#8 C:\xampp\htdocs\plantilla\system\CodeIgniter.php(355): CodeIgniter\CodeIgniter->handleRequest(NULL, Object(Config\Cache), false)
#9 C:\xampp\htdocs\plantilla\system\Boot.php(325): CodeIgniter\CodeIgniter->run()
#10 C:\xampp\htdocs\plantilla\system\Boot.php(67): CodeIgniter\Boot::runCodeIgniter(Object(CodeIgniter\CodeIgniter))
#11 C:\xampp\htdocs\plantilla\index.php(56): CodeIgniter\Boot::bootWeb(Object(Config\Paths))
#12 {main}

Next CodeIgniter\Database\Exceptions\DatabaseException: Unknown database 'digisoft' in C:\xampp\htdocs\plantilla\system\Database\MySQLi\Connection.php:231
Stack trace:
#0 C:\xampp\htdocs\plantilla\system\Database\BaseConnection.php(421): CodeIgniter\Database\MySQLi\Connection->connect(false)
#1 C:\xampp\htdocs\plantilla\system\Database\BaseConnection.php(616): CodeIgniter\Database\BaseConnection->initialize()
#2 C:\xampp\htdocs\plantilla\system\Database\BaseBuilder.php(1636): CodeIgniter\Database\BaseConnection->query('SELECT *\nFROM `...', Array, false)
#3 C:\xampp\htdocs\plantilla\app\Models\home_model.php(22): CodeIgniter\Database\BaseBuilder->get()
#4 C:\xampp\htdocs\plantilla\app\Controllers\Home.php(29): App\Models\home_model->obtenerUsuarios()
#5 C:\xampp\htdocs\plantilla\system\CodeIgniter.php(933): App\Controllers\Home->obtenerUsuarios()
#6 C:\xampp\htdocs\plantilla\system\CodeIgniter.php(509): CodeIgniter\CodeIgniter->runController(Object(App\Controllers\Home))
#7 C:\xampp\htdocs\plantilla\system\CodeIgniter.php(355): CodeIgniter\CodeIgniter->handleRequest(NULL, Object(Config\Cache), false)
#8 C:\xampp\htdocs\plantilla\system\Boot.php(325): CodeIgniter\CodeIgniter->run()
#9 C:\xampp\htdocs\plantilla\system\Boot.php(67): CodeIgniter\Boot::runCodeIgniter(Object(CodeIgniter\CodeIgniter))
#10 C:\xampp\htdocs\plantilla\index.php(56): CodeIgniter\Boot::bootWeb(Object(Config\Paths))
#11 {main}
CRITICAL - 2024-07-06 05:24:55 --> CodeIgniter\Database\Exceptions\DatabaseException: Unable to connect to the database.
Main connection [MySQLi]: Unknown database 'digisoft'
[Method: POST, Route: HOMObtenerUsuarios]
in SYSTEMPATH\Database\BaseConnection.php on line 467.
 1 SYSTEMPATH\Database\BaseConnection.php(616): CodeIgniter\Database\BaseConnection->initialize()
 2 SYSTEMPATH\Database\BaseBuilder.php(1636): CodeIgniter\Database\BaseConnection->query('SELECT *
FROM `cat_usuarios`', [], false)
 3 APPPATH\Models\home_model.php(22): CodeIgniter\Database\BaseBuilder->get()
 4 APPPATH\Controllers\Home.php(29): App\Models\home_model->obtenerUsuarios()
 5 SYSTEMPATH\CodeIgniter.php(933): App\Controllers\Home->obtenerUsuarios()
 6 SYSTEMPATH\CodeIgniter.php(509): CodeIgniter\CodeIgniter->runController(Object(App\Controllers\Home))
 7 SYSTEMPATH\CodeIgniter.php(355): CodeIgniter\CodeIgniter->handleRequest(null, Object(Config\Cache), false)
 8 SYSTEMPATH\Boot.php(325): CodeIgniter\CodeIgniter->run()
 9 SYSTEMPATH\Boot.php(67): CodeIgniter\Boot::runCodeIgniter(Object(CodeIgniter\CodeIgniter))
10 FCPATH\index.php(56): CodeIgniter\Boot::bootWeb(Object(Config\Paths))
