CRITICAL - 2024-07-02 05:19:05 --> ErrorException: Undefined variable $tiitle
[Method: GET, Route: /]
in APPPATH\Views\layouts\head.php on line 8.
 1 APPPATH\Views\layouts\head.php(8): CodeIgniter\Debug\Exceptions->errorHandler(2, 'Undefined variable $tiitle', 'C:\\xampp\\htdocs\\plantilla\\app\\Views\\layouts\\head.php', 8)
 2 SYSTEMPATH\View\View.php(234): include('C:\\xampp\\htdocs\\plantilla\\app\\Views\\layouts\\head.php')
 3 SYSTEMPATH\View\View.php(237): CodeIgniter\View\View->CodeIgniter\View\{closure}()
 4 SYSTEMPATH\Common.php(1171): CodeIgniter\View\View->render('/layouts/head', [], true)
 5 APPPATH\Controllers\Home.php(11): view('/layouts/head', [...])
 6 SYSTEMPATH\CodeIgniter.php(933): App\Controllers\Home->index()
 7 SYSTEMPATH\CodeIgniter.php(509): CodeIgniter\CodeIgniter->runController(Object(App\Controllers\Home))
 8 SYSTEMPATH\CodeIgniter.php(355): CodeIgniter\CodeIgniter->handleRequest(null, Object(Config\Cache), false)
 9 SYSTEMPATH\Boot.php(325): CodeIgniter\CodeIgniter->run()
10 SYSTEMPATH\Boot.php(67): CodeIgniter\Boot::runCodeIgniter(Object(CodeIgniter\CodeIgniter))
11 FCPATH\index.php(56): CodeIgniter\Boot::bootWeb(Object(Config\Paths))
CRITICAL - 2024-07-02 05:19:30 --> ErrorException: Undefined variable $data
[Method: GET, Route: /]
in APPPATH\Views\layouts\head.php on line 8.
 1 APPPATH\Views\layouts\head.php(8): CodeIgniter\Debug\Exceptions->errorHandler(2, 'Undefined variable $data', 'C:\\xampp\\htdocs\\plantilla\\app\\Views\\layouts\\head.php', 8)
 2 SYSTEMPATH\View\View.php(234): include('C:\\xampp\\htdocs\\plantilla\\app\\Views\\layouts\\head.php')
 3 SYSTEMPATH\View\View.php(237): CodeIgniter\View\View->CodeIgniter\View\{closure}()
 4 SYSTEMPATH\Common.php(1171): CodeIgniter\View\View->render('/layouts/head', [], true)
 5 APPPATH\Controllers\Home.php(11): view('/layouts/head', [...])
 6 SYSTEMPATH\CodeIgniter.php(933): App\Controllers\Home->index()
 7 SYSTEMPATH\CodeIgniter.php(509): CodeIgniter\CodeIgniter->runController(Object(App\Controllers\Home))
 8 SYSTEMPATH\CodeIgniter.php(355): CodeIgniter\CodeIgniter->handleRequest(null, Object(Config\Cache), false)
 9 SYSTEMPATH\Boot.php(325): CodeIgniter\CodeIgniter->run()
10 SYSTEMPATH\Boot.php(67): CodeIgniter\Boot::runCodeIgniter(Object(CodeIgniter\CodeIgniter))
11 FCPATH\index.php(56): CodeIgniter\Boot::bootWeb(Object(Config\Paths))
CRITICAL - 2024-07-02 05:19:31 --> ErrorException: Undefined variable $data
[Method: GET, Route: /]
in APPPATH\Views\layouts\head.php on line 8.
 1 APPPATH\Views\layouts\head.php(8): CodeIgniter\Debug\Exceptions->errorHandler(2, 'Undefined variable $data', 'C:\\xampp\\htdocs\\plantilla\\app\\Views\\layouts\\head.php', 8)
 2 SYSTEMPATH\View\View.php(234): include('C:\\xampp\\htdocs\\plantilla\\app\\Views\\layouts\\head.php')
 3 SYSTEMPATH\View\View.php(237): CodeIgniter\View\View->CodeIgniter\View\{closure}()
 4 SYSTEMPATH\Common.php(1171): CodeIgniter\View\View->render('/layouts/head', [], true)
 5 APPPATH\Controllers\Home.php(11): view('/layouts/head', [...])
 6 SYSTEMPATH\CodeIgniter.php(933): App\Controllers\Home->index()
 7 SYSTEMPATH\CodeIgniter.php(509): CodeIgniter\CodeIgniter->runController(Object(App\Controllers\Home))
 8 SYSTEMPATH\CodeIgniter.php(355): CodeIgniter\CodeIgniter->handleRequest(null, Object(Config\Cache), false)
 9 SYSTEMPATH\Boot.php(325): CodeIgniter\CodeIgniter->run()
10 SYSTEMPATH\Boot.php(67): CodeIgniter\Boot::runCodeIgniter(Object(CodeIgniter\CodeIgniter))
11 FCPATH\index.php(56): CodeIgniter\Boot::bootWeb(Object(Config\Paths))
CRITICAL - 2024-07-02 05:19:33 --> ErrorException: Undefined variable $data
[Method: GET, Route: /]
in APPPATH\Views\layouts\head.php on line 8.
 1 APPPATH\Views\layouts\head.php(8): CodeIgniter\Debug\Exceptions->errorHandler(2, 'Undefined variable $data', 'C:\\xampp\\htdocs\\plantilla\\app\\Views\\layouts\\head.php', 8)
 2 SYSTEMPATH\View\View.php(234): include('C:\\xampp\\htdocs\\plantilla\\app\\Views\\layouts\\head.php')
 3 SYSTEMPATH\View\View.php(237): CodeIgniter\View\View->CodeIgniter\View\{closure}()
 4 SYSTEMPATH\Common.php(1171): CodeIgniter\View\View->render('/layouts/head', [], true)
 5 APPPATH\Controllers\Home.php(11): view('/layouts/head', [...])
 6 SYSTEMPATH\CodeIgniter.php(933): App\Controllers\Home->index()
 7 SYSTEMPATH\CodeIgniter.php(509): CodeIgniter\CodeIgniter->runController(Object(App\Controllers\Home))
 8 SYSTEMPATH\CodeIgniter.php(355): CodeIgniter\CodeIgniter->handleRequest(null, Object(Config\Cache), false)
 9 SYSTEMPATH\Boot.php(325): CodeIgniter\CodeIgniter->run()
10 SYSTEMPATH\Boot.php(67): CodeIgniter\Boot::runCodeIgniter(Object(CodeIgniter\CodeIgniter))
11 FCPATH\index.php(56): CodeIgniter\Boot::bootWeb(Object(Config\Paths))
CRITICAL - 2024-07-02 05:20:00 --> ErrorException: Undefined variable $data
[Method: GET, Route: /]
in APPPATH\Views\layouts\head.php on line 8.
 1 APPPATH\Views\layouts\head.php(8): CodeIgniter\Debug\Exceptions->errorHandler(2, 'Undefined variable $data', 'C:\\xampp\\htdocs\\plantilla\\app\\Views\\layouts\\head.php', 8)
 2 SYSTEMPATH\View\View.php(234): include('C:\\xampp\\htdocs\\plantilla\\app\\Views\\layouts\\head.php')
 3 SYSTEMPATH\View\View.php(237): CodeIgniter\View\View->CodeIgniter\View\{closure}()
 4 SYSTEMPATH\Common.php(1171): CodeIgniter\View\View->render('/layouts/head', [], true)
 5 APPPATH\Controllers\Home.php(11): view('/layouts/head', [...])
 6 SYSTEMPATH\CodeIgniter.php(933): App\Controllers\Home->index()
 7 SYSTEMPATH\CodeIgniter.php(509): CodeIgniter\CodeIgniter->runController(Object(App\Controllers\Home))
 8 SYSTEMPATH\CodeIgniter.php(355): CodeIgniter\CodeIgniter->handleRequest(null, Object(Config\Cache), false)
 9 SYSTEMPATH\Boot.php(325): CodeIgniter\CodeIgniter->run()
10 SYSTEMPATH\Boot.php(67): CodeIgniter\Boot::runCodeIgniter(Object(CodeIgniter\CodeIgniter))
11 FCPATH\index.php(56): CodeIgniter\Boot::bootWeb(Object(Config\Paths))
CRITICAL - 2024-07-02 05:20:40 --> ErrorException: Undefined variable $data
[Method: GET, Route: /]
in APPPATH\Views\layouts\head.php on line 8.
 1 APPPATH\Views\layouts\head.php(8): CodeIgniter\Debug\Exceptions->errorHandler(2, 'Undefined variable $data', 'C:\\xampp\\htdocs\\plantilla\\app\\Views\\layouts\\head.php', 8)
 2 SYSTEMPATH\View\View.php(234): include('C:\\xampp\\htdocs\\plantilla\\app\\Views\\layouts\\head.php')
 3 SYSTEMPATH\View\View.php(237): CodeIgniter\View\View->CodeIgniter\View\{closure}()
 4 SYSTEMPATH\Common.php(1171): CodeIgniter\View\View->render('/layouts/head', [], true)
 5 APPPATH\Controllers\Home.php(11): view('/layouts/head', [...])
 6 SYSTEMPATH\CodeIgniter.php(933): App\Controllers\Home->index()
 7 SYSTEMPATH\CodeIgniter.php(509): CodeIgniter\CodeIgniter->runController(Object(App\Controllers\Home))
 8 SYSTEMPATH\CodeIgniter.php(355): CodeIgniter\CodeIgniter->handleRequest(null, Object(Config\Cache), false)
 9 SYSTEMPATH\Boot.php(325): CodeIgniter\CodeIgniter->run()
10 SYSTEMPATH\Boot.php(67): CodeIgniter\Boot::runCodeIgniter(Object(CodeIgniter\CodeIgniter))
11 FCPATH\index.php(56): CodeIgniter\Boot::bootWeb(Object(Config\Paths))
CRITICAL - 2024-07-02 05:20:50 --> ErrorException: Undefined variable $data
[Method: GET, Route: /]
in APPPATH\Views\layouts\head.php on line 8.
 1 APPPATH\Views\layouts\head.php(8): CodeIgniter\Debug\Exceptions->errorHandler(2, 'Undefined variable $data', 'C:\\xampp\\htdocs\\plantilla\\app\\Views\\layouts\\head.php', 8)
 2 SYSTEMPATH\View\View.php(234): include('C:\\xampp\\htdocs\\plantilla\\app\\Views\\layouts\\head.php')
 3 SYSTEMPATH\View\View.php(237): CodeIgniter\View\View->CodeIgniter\View\{closure}()
 4 SYSTEMPATH\Common.php(1171): CodeIgniter\View\View->render('/layouts/head', [], true)
 5 APPPATH\Controllers\Home.php(11): view('/layouts/head', [...])
 6 SYSTEMPATH\CodeIgniter.php(933): App\Controllers\Home->index()
 7 SYSTEMPATH\CodeIgniter.php(509): CodeIgniter\CodeIgniter->runController(Object(App\Controllers\Home))
 8 SYSTEMPATH\CodeIgniter.php(355): CodeIgniter\CodeIgniter->handleRequest(null, Object(Config\Cache), false)
 9 SYSTEMPATH\Boot.php(325): CodeIgniter\CodeIgniter->run()
10 SYSTEMPATH\Boot.php(67): CodeIgniter\Boot::runCodeIgniter(Object(CodeIgniter\CodeIgniter))
11 FCPATH\index.php(56): CodeIgniter\Boot::bootWeb(Object(Config\Paths))
CRITICAL - 2024-07-02 05:21:29 --> ErrorException: Undefined variable $data
[Method: GET, Route: /]
in APPPATH\Views\layouts\head.php on line 8.
 1 APPPATH\Views\layouts\head.php(8): CodeIgniter\Debug\Exceptions->errorHandler(2, 'Undefined variable $data', 'C:\\xampp\\htdocs\\plantilla\\app\\Views\\layouts\\head.php', 8)
 2 SYSTEMPATH\View\View.php(234): include('C:\\xampp\\htdocs\\plantilla\\app\\Views\\layouts\\head.php')
 3 SYSTEMPATH\View\View.php(237): CodeIgniter\View\View->CodeIgniter\View\{closure}()
 4 SYSTEMPATH\Common.php(1171): CodeIgniter\View\View->render('/layouts/head', [], true)
 5 APPPATH\Controllers\Home.php(11): view('/layouts/head', [...])
 6 SYSTEMPATH\CodeIgniter.php(933): App\Controllers\Home->index()
 7 SYSTEMPATH\CodeIgniter.php(509): CodeIgniter\CodeIgniter->runController(Object(App\Controllers\Home))
 8 SYSTEMPATH\CodeIgniter.php(355): CodeIgniter\CodeIgniter->handleRequest(null, Object(Config\Cache), false)
 9 SYSTEMPATH\Boot.php(325): CodeIgniter\CodeIgniter->run()
10 SYSTEMPATH\Boot.php(67): CodeIgniter\Boot::runCodeIgniter(Object(CodeIgniter\CodeIgniter))
11 FCPATH\index.php(56): CodeIgniter\Boot::bootWeb(Object(Config\Paths))
CRITICAL - 2024-07-02 05:21:31 --> ErrorException: Undefined variable $data
[Method: GET, Route: /]
in APPPATH\Views\layouts\head.php on line 8.
 1 APPPATH\Views\layouts\head.php(8): CodeIgniter\Debug\Exceptions->errorHandler(2, 'Undefined variable $data', 'C:\\xampp\\htdocs\\plantilla\\app\\Views\\layouts\\head.php', 8)
 2 SYSTEMPATH\View\View.php(234): include('C:\\xampp\\htdocs\\plantilla\\app\\Views\\layouts\\head.php')
 3 SYSTEMPATH\View\View.php(237): CodeIgniter\View\View->CodeIgniter\View\{closure}()
 4 SYSTEMPATH\Common.php(1171): CodeIgniter\View\View->render('/layouts/head', [], true)
 5 APPPATH\Controllers\Home.php(11): view('/layouts/head', [...])
 6 SYSTEMPATH\CodeIgniter.php(933): App\Controllers\Home->index()
 7 SYSTEMPATH\CodeIgniter.php(509): CodeIgniter\CodeIgniter->runController(Object(App\Controllers\Home))
 8 SYSTEMPATH\CodeIgniter.php(355): CodeIgniter\CodeIgniter->handleRequest(null, Object(Config\Cache), false)
 9 SYSTEMPATH\Boot.php(325): CodeIgniter\CodeIgniter->run()
10 SYSTEMPATH\Boot.php(67): CodeIgniter\Boot::runCodeIgniter(Object(CodeIgniter\CodeIgniter))
11 FCPATH\index.php(56): CodeIgniter\Boot::bootWeb(Object(Config\Paths))
CRITICAL - 2024-07-02 05:21:49 --> ErrorException: Undefined variable $data
[Method: GET, Route: /]
in APPPATH\Views\layouts\head.php on line 8.
 1 APPPATH\Views\layouts\head.php(8): CodeIgniter\Debug\Exceptions->errorHandler(2, 'Undefined variable $data', 'C:\\xampp\\htdocs\\plantilla\\app\\Views\\layouts\\head.php', 8)
 2 SYSTEMPATH\View\View.php(234): include('C:\\xampp\\htdocs\\plantilla\\app\\Views\\layouts\\head.php')
 3 SYSTEMPATH\View\View.php(237): CodeIgniter\View\View->CodeIgniter\View\{closure}()
 4 SYSTEMPATH\Common.php(1171): CodeIgniter\View\View->render('/layouts/head', [], true)
 5 APPPATH\Controllers\Home.php(11): view('/layouts/head', [...])
 6 SYSTEMPATH\CodeIgniter.php(933): App\Controllers\Home->index()
 7 SYSTEMPATH\CodeIgniter.php(509): CodeIgniter\CodeIgniter->runController(Object(App\Controllers\Home))
 8 SYSTEMPATH\CodeIgniter.php(355): CodeIgniter\CodeIgniter->handleRequest(null, Object(Config\Cache), false)
 9 SYSTEMPATH\Boot.php(325): CodeIgniter\CodeIgniter->run()
10 SYSTEMPATH\Boot.php(67): CodeIgniter\Boot::runCodeIgniter(Object(CodeIgniter\CodeIgniter))
11 FCPATH\index.php(56): CodeIgniter\Boot::bootWeb(Object(Config\Paths))
CRITICAL - 2024-07-02 05:22:04 --> ErrorException: Undefined variable $data
[Method: GET, Route: /]
in APPPATH\Views\layouts\head.php on line 8.
 1 APPPATH\Views\layouts\head.php(8): CodeIgniter\Debug\Exceptions->errorHandler(2, 'Undefined variable $data', 'C:\\xampp\\htdocs\\plantilla\\app\\Views\\layouts\\head.php', 8)
 2 SYSTEMPATH\View\View.php(234): include('C:\\xampp\\htdocs\\plantilla\\app\\Views\\layouts\\head.php')
 3 SYSTEMPATH\View\View.php(237): CodeIgniter\View\View->CodeIgniter\View\{closure}()
 4 SYSTEMPATH\Common.php(1171): CodeIgniter\View\View->render('/layouts/head', [], true)
 5 APPPATH\Controllers\Home.php(11): view('/layouts/head', [...])
 6 SYSTEMPATH\CodeIgniter.php(933): App\Controllers\Home->index()
 7 SYSTEMPATH\CodeIgniter.php(509): CodeIgniter\CodeIgniter->runController(Object(App\Controllers\Home))
 8 SYSTEMPATH\CodeIgniter.php(355): CodeIgniter\CodeIgniter->handleRequest(null, Object(Config\Cache), false)
 9 SYSTEMPATH\Boot.php(325): CodeIgniter\CodeIgniter->run()
10 SYSTEMPATH\Boot.php(67): CodeIgniter\Boot::runCodeIgniter(Object(CodeIgniter\CodeIgniter))
11 FCPATH\index.php(56): CodeIgniter\Boot::bootWeb(Object(Config\Paths))
CRITICAL - 2024-07-02 05:22:24 --> ErrorException: Undefined variable $data
[Method: GET, Route: /]
in APPPATH\Views\layouts\head.php on line 12.
 1 APPPATH\Views\layouts\head.php(12): CodeIgniter\Debug\Exceptions->errorHandler(2, 'Undefined variable $data', 'C:\\xampp\\htdocs\\plantilla\\app\\Views\\layouts\\head.php', 12)
 2 SYSTEMPATH\View\View.php(234): include('C:\\xampp\\htdocs\\plantilla\\app\\Views\\layouts\\head.php')
 3 SYSTEMPATH\View\View.php(237): CodeIgniter\View\View->CodeIgniter\View\{closure}()
 4 SYSTEMPATH\Common.php(1171): CodeIgniter\View\View->render('/layouts/head', [], true)
 5 APPPATH\Controllers\Home.php(11): view('/layouts/head', [...])
 6 SYSTEMPATH\CodeIgniter.php(933): App\Controllers\Home->index()
 7 SYSTEMPATH\CodeIgniter.php(509): CodeIgniter\CodeIgniter->runController(Object(App\Controllers\Home))
 8 SYSTEMPATH\CodeIgniter.php(355): CodeIgniter\CodeIgniter->handleRequest(null, Object(Config\Cache), false)
 9 SYSTEMPATH\Boot.php(325): CodeIgniter\CodeIgniter->run()
10 SYSTEMPATH\Boot.php(67): CodeIgniter\Boot::runCodeIgniter(Object(CodeIgniter\CodeIgniter))
11 FCPATH\index.php(56): CodeIgniter\Boot::bootWeb(Object(Config\Paths))
CRITICAL - 2024-07-02 05:22:25 --> ErrorException: Undefined variable $data
[Method: GET, Route: /]
in APPPATH\Views\layouts\head.php on line 12.
 1 APPPATH\Views\layouts\head.php(12): CodeIgniter\Debug\Exceptions->errorHandler(2, 'Undefined variable $data', 'C:\\xampp\\htdocs\\plantilla\\app\\Views\\layouts\\head.php', 12)
 2 SYSTEMPATH\View\View.php(234): include('C:\\xampp\\htdocs\\plantilla\\app\\Views\\layouts\\head.php')
 3 SYSTEMPATH\View\View.php(237): CodeIgniter\View\View->CodeIgniter\View\{closure}()
 4 SYSTEMPATH\Common.php(1171): CodeIgniter\View\View->render('/layouts/head', [], true)
 5 APPPATH\Controllers\Home.php(11): view('/layouts/head', [...])
 6 SYSTEMPATH\CodeIgniter.php(933): App\Controllers\Home->index()
 7 SYSTEMPATH\CodeIgniter.php(509): CodeIgniter\CodeIgniter->runController(Object(App\Controllers\Home))
 8 SYSTEMPATH\CodeIgniter.php(355): CodeIgniter\CodeIgniter->handleRequest(null, Object(Config\Cache), false)
 9 SYSTEMPATH\Boot.php(325): CodeIgniter\CodeIgniter->run()
10 SYSTEMPATH\Boot.php(67): CodeIgniter\Boot::runCodeIgniter(Object(CodeIgniter\CodeIgniter))
11 FCPATH\index.php(56): CodeIgniter\Boot::bootWeb(Object(Config\Paths))
